<component name="libraryTable">
  <library name="junit-4.12">
    <CLASSES>
      <root url="jar://$MAVEN_REPOSITORY$/junit/junit/4.12/junit-4.12.jar!/" />
      <root url="jar://$PROJECT_DIR$/../selenium-server-standalone-3.141.59.jar!/" />
    </CLASSES>
    <JAVADOC />
    <SOURCES />
  </library>
</component>